<?xml version="1.0" encoding="UTF-8"?>
<testsuite name="com.spicejet.tests.SpiceOneTest" time="29.399" tests="2" errors="0" skipped="0" failures="1">
  <properties>
    <property name="java.runtime.name" value="Java(TM) SE Runtime Environment"/>
    <property name="sun.boot.library.path" value="C:\Program Files\Java\jdk1.8.0_121\jre\bin"/>
    <property name="java.vm.version" value="25.121-b13"/>
    <property name="java.vm.vendor" value="Oracle Corporation"/>
    <property name="maven.multiModuleProjectDirectory" value="C:\eclipse\${workspace_loc:\JUnitFWHybrid}"/>
    <property name="java.vendor.url" value="http://java.oracle.com/"/>
    <property name="path.separator" value=";"/>
    <property name="guice.disable.misplaced.annotation.check" value="true"/>
    <property name="java.vm.name" value="Java HotSpot(TM) 64-Bit Server VM"/>
    <property name="file.encoding.pkg" value="sun.io"/>
    <property name="user.script" value=""/>
    <property name="user.country" value="US"/>
    <property name="sun.java.launcher" value="SUN_STANDARD"/>
    <property name="sun.os.patch.level" value="Service Pack 1"/>
    <property name="java.vm.specification.name" value="Java Virtual Machine Specification"/>
    <property name="user.dir" value="D:\JUnitHybridFW\JUnitFWHybrid"/>
    <property name="java.runtime.version" value="1.8.0_121-b13"/>
    <property name="java.awt.graphicsenv" value="sun.awt.Win32GraphicsEnvironment"/>
    <property name="java.endorsed.dirs" value="C:\Program Files\Java\jdk1.8.0_121\jre\lib\endorsed"/>
    <property name="os.arch" value="amd64"/>
    <property name="ScreenShotVal" value="Y"/>
    <property name="java.io.tmpdir" value="C:\Users\BALAKI~1\AppData\Local\Temp\"/>
    <property name="line.separator" value="&#10;"/>
    <property name="java.vm.specification.vendor" value="Oracle Corporation"/>
    <property name="user.variant" value=""/>
    <property name="os.name" value="Windows 7"/>
    <property name="classworlds.conf" value="D:\JUnitHybridFW\.metadata\.plugins\org.eclipse.m2e.launching\launches\m2conf7797890037876798266.tmp"/>
    <property name="sun.jnu.encoding" value="Cp1252"/>
    <property name="java.library.path" value="C:\Program Files\Java\jdk1.8.0_121\bin;C:\Windows\Sun\Java\bin;C:\Windows\system32;C:\Windows;C:/Program Files/Java/jre1.8.0_121/bin/server;C:/Program Files/Java/jre1.8.0_121/bin;C:/Program Files/Java/jre1.8.0_121/lib/amd64;C:\ProgramData\Oracle\Java\javapath;C:\oraclexe\app\oracle\product\11.2.0\server\bin;C:\Program Files\Broadcom\Broadcom 802.11 Network Adapter\Driver;C:\Windows\system32;C:\Windows;C:\Windows\System32\Wbem;C:\Windows\System32\WindowsPowerShell\v1.0\;C:\Program Files\Intel\WiFi\bin\;C:\Program Files\Common Files\Intel\WirelessCommon\;C:\Program Files (x86)\Microsoft SQL Server\110\DTS\Binn\;C:\Program Files (x86)\Microsoft SQL Server\110\Tools\Binn\;C:\Program Files (x86)\Microsoft SQL Server\110\Tools\Binn\ManagementStudio\;C:\Program Files (x86)\Microsoft Visual Studio 10.0\Common7\IDE\PrivateAssemblies\;C:\Program Files\Git\cmd;C:\Softwares\apache-maven-3.3.9\bin;C:\Program Files\Java\jdk1.8.0_121\bin;;C:\eclipse;;."/>
    <property name="java.specification.name" value="Java Platform API Specification"/>
    <property name="java.class.version" value="52.0"/>
    <property name="sun.management.compiler" value="HotSpot 64-Bit Tiered Compilers"/>
    <property name="maven.test.failure.ignore" value="true"/>
    <property name="os.version" value="6.1"/>
    <property name="user.home" value="C:\Users\BALA KISHORE"/>
    <property name="user.timezone" value="Asia/Calcutta"/>
    <property name="java.awt.printerjob" value="sun.awt.windows.WPrinterJob"/>
    <property name="java.specification.version" value="1.8"/>
    <property name="file.encoding" value="Cp1252"/>
    <property name="user.name" value="BALA KISHORE"/>
    <property name="java.class.path" value="/C:/eclipse/plugins/org.eclipse.m2e.maven.runtime_1.6.2.20150902-0001/jars/plexus-classworlds-2.5.2.jar"/>
    <property name="java.vm.specification.version" value="1.8"/>
    <property name="sun.arch.data.model" value="64"/>
    <property name="java.home" value="C:\Program Files\Java\jdk1.8.0_121\jre"/>
    <property name="sun.java.command" value="org.codehaus.plexus.classworlds.launcher.Launcher -B clean -PRegressionTests -DBrowser=IE -DScreenShotVal=Y -Dmaven.test.failure.ignore=true install"/>
    <property name="java.specification.vendor" value="Oracle Corporation"/>
    <property name="user.language" value="en"/>
    <property name="awt.toolkit" value="sun.awt.windows.WToolkit"/>
    <property name="java.vm.info" value="mixed mode"/>
    <property name="java.version" value="1.8.0_121"/>
    <property name="java.ext.dirs" value="C:\Program Files\Java\jdk1.8.0_121\jre\lib\ext;C:\Windows\Sun\Java\lib\ext"/>
    <property name="sun.boot.class.path" value="C:\Program Files\Java\jdk1.8.0_121\jre\lib\resources.jar;C:\Program Files\Java\jdk1.8.0_121\jre\lib\rt.jar;C:\Program Files\Java\jdk1.8.0_121\jre\lib\sunrsasign.jar;C:\Program Files\Java\jdk1.8.0_121\jre\lib\jsse.jar;C:\Program Files\Java\jdk1.8.0_121\jre\lib\jce.jar;C:\Program Files\Java\jdk1.8.0_121\jre\lib\charsets.jar;C:\Program Files\Java\jdk1.8.0_121\jre\lib\jfr.jar;C:\Program Files\Java\jdk1.8.0_121\jre\classes"/>
    <property name="java.vendor" value="Oracle Corporation"/>
    <property name="maven.home" value="D:\JUnitHybridFW\JUnitFWHybrid\EMBEDDED"/>
    <property name="file.separator" value="\"/>
    <property name="java.vendor.url.bug" value="http://bugreport.sun.com/bugreport/"/>
    <property name="sun.cpu.endian" value="little"/>
    <property name="sun.io.unicode.encoding" value="UnicodeLittle"/>
    <property name="sun.desktop" value="windows"/>
    <property name="Browser" value="IE"/>
    <property name="sun.cpu.isalist" value="amd64"/>
  </properties>
  <testcase name="checkverifyDDValSelOrNot123" classname="com.spicejet.tests.SpiceOneTest" time="15.704"/>
  <testcase name="elementBGColor" classname="com.spicejet.tests.SpiceOneTest" time="13.695">
    <failure message="The expected color is :transparent Actual color is :rgba(255, 124, 11, 1) expected:&lt;[transparent]&gt; but was:&lt;[rgba(255, 124, 11, 1)]&gt;" type="org.junit.ComparisonFailure"><![CDATA[org.junit.ComparisonFailure: The expected color is :transparent Actual color is :rgba(255, 124, 11, 1) expected:<[transparent]> but was:<[rgba(255, 124, 11, 1)]>
	at org.junit.Assert.assertEquals(Assert.java:115)
	at com.spicejet.keywords.CommonKeyWords.verifyBackgroundColor(CommonKeyWords.java:138)
	at com.spicejet.tests.SpiceOneTest.elementBGColor(SpiceOneTest.java:59)
]]></failure>
    <system-out><![CDATA[Before executing method elementBGColor
The class name is com.spicejet.tests.SpiceOneTest
The test method name is elementBGColor
The actual class name is SpiceOneTest
Class folder is already created
The method folderelementBGColor is already created
start of spiceone test class
The browser key is IE
Hi this is bala kishore
The property name ismatrimony.url
The url name is https://www.matrimony.com
The page name is MatrimonyHomePage
The current page object is com.matrimony.first.MatrimonyHomePage
The current class name is com.matrimony.first.MatrimonyHomePage
The element name is public static org.openqa.selenium.WebElement com.matrimony.first.MatrimonyHomePage.submitBtn
end of test one class
before quit
after quit
]]></system-out>
    <system-err><![CDATA[Started InternetExplorerDriver server (64-bit)
2.28.0.0
Listening on port 15725
Jun 28, 2017 11:28:23 AM org.openqa.selenium.remote.ProtocolHandshake createSession
INFO: Attempting bi-dialect session, assuming Postel's Law holds true on the remote end
Jun 28, 2017 11:28:25 AM org.openqa.selenium.remote.ProtocolHandshake createSession
INFO: Detected dialect: OSS
]]></system-err>
  </testcase>
</testsuite>